{"uuid":"18f1006f-1baf-4d82-83b1-e74c4a953867","historyId":"12e7da02cb4237b30a6c6a4ea05fc1db","fullName":"features/CoveredCallTests.feature:99","labels":[{"name":"tag","value":"BEP"},{"name":"tag","value":"CoveredCall"},{"name":"tag","value":"WithoutCommission"},{"name":"host","value":"DESKTOP-CNUHFHD"},{"name":"thread","value":"10540@DESKTOP-CNUHFHD.main(1)"},{"name":"feature","value":"Covered Call BEP"},{"name":"story","value":"Validate Covered Call BEP Without Commission"},{"name":"suite","value":"Covered Call BEP"},{"name":"testClass","value":"Validate Covered Call BEP Without Commission"},{"name":"framework","value":"cucumber4jvm"},{"name":"language","value":"java"},{"name":"gherkin_uri","value":"file:///E:/java/Kahkeshan-BDD-Automation/Kahkeshan-BDD-Automation/Kahkeshan-BDD-Automation/features/CoveredCallTests.feature"},{"name":"package","value":"features.CoveredCallTests_feature.Covered Call BEP"}],"links":[],"name":"Validate Covered Call BEP Without Commission","status":"failed","statusDetails":{"known":false,"muted":false,"flaky":false,"message":"❌ Symbol کوثر not found in API response. expected [true] but found [false]","trace":"java.lang.AssertionError: ❌ Symbol کوثر not found in API response. expected [true] but found [false]\r\n\tat org.testng.Assert.fail(Assert.java:110)\r\n\tat org.testng.Assert.failNotEquals(Assert.java:1413)\r\n\tat org.testng.Assert.assertTrue(Assert.java:56)\r\n\tat stepDefinitions.CoveredCallStepDefinitions.validateBEP(CoveredCallStepDefinitions.java:123)\r\n\tat stepDefinitions.CoveredCallStepDefinitions.validateBEPWithoutCommission(CoveredCallStepDefinitions.java:74)\r\n\tat ✽.The Covered Call Strategy BEP Of کوثر Without Commission Is Valid(file:///E:/java/Kahkeshan-BDD-Automation/Kahkeshan-BDD-Automation/Kahkeshan-BDD-Automation/features/CoveredCallTests.feature:61)\r\n"},"stage":"finished","description":"  Covered Call BEP","steps":[{"name":"When  I Call Covered Call Strategy API With BestLimitPrice Price Type , BestLimit Symbol Basis And Without Commission","status":"passed","statusDetails":{"known":false,"muted":false,"flaky":false},"stage":"finished","steps":[{"name":"Call API with commission = false","status":"passed","stage":"finished","steps":[{"name":"Sending GET request with commission = false to: https://kahkeshanapi.ramandtech.com/Strategies/v1/CoveredCall?PageSize=100&PageNumber=1&PriceType=BestLimitPrice&SymbolBasis=BestLimit&WithCommission=false","status":"passed","stage":"finished","steps":[],"attachments":[],"parameters":[],"start":1743963507186,"stop":1743963507186},{"name":"Response status code: 200","status":"passed","stage":"finished","steps":[],"attachments":[],"parameters":[],"start":1743963507872,"stop":1743963507872}],"attachments":[],"parameters":[],"start":1743963507186,"stop":1743963507873}],"attachments":[],"parameters":[],"start":1743963507186,"stop":1743963507873},{"name":"Then  The Covered Call Strategy BEP Of کوثر Without Commission Is Valid","status":"failed","statusDetails":{"known":false,"muted":false,"flaky":false,"message":"❌ Symbol کوثر not found in API response. expected [true] but found [false]","trace":"java.lang.AssertionError: ❌ Symbol کوثر not found in API response. expected [true] but found [false]\r\n\tat org.testng.Assert.fail(Assert.java:110)\r\n\tat org.testng.Assert.failNotEquals(Assert.java:1413)\r\n\tat org.testng.Assert.assertTrue(Assert.java:56)\r\n\tat stepDefinitions.CoveredCallStepDefinitions.validateBEP(CoveredCallStepDefinitions.java:123)\r\n\tat stepDefinitions.CoveredCallStepDefinitions.validateBEPWithoutCommission(CoveredCallStepDefinitions.java:74)\r\n\tat ✽.The Covered Call Strategy BEP Of کوثر Without Commission Is Valid(file:///E:/java/Kahkeshan-BDD-Automation/Kahkeshan-BDD-Automation/Kahkeshan-BDD-Automation/features/CoveredCallTests.feature:61)\r\n"},"stage":"finished","steps":[{"name":"Validate BEP without commission for symbol: کوثر","status":"failed","statusDetails":{"known":false,"muted":false,"flaky":false,"message":"❌ Symbol کوثر not found in API response. expected [true] but found [false]","trace":"java.lang.AssertionError: ❌ Symbol کوثر not found in API response. expected [true] but found [false]\r\n\tat org.testng.Assert.fail(Assert.java:110)\r\n\tat org.testng.Assert.failNotEquals(Assert.java:1413)\r\n\tat org.testng.Assert.assertTrue(Assert.java:56)\r\n\tat stepDefinitions.CoveredCallStepDefinitions.validateBEP(CoveredCallStepDefinitions.java:123)\r\n\tat stepDefinitions.CoveredCallStepDefinitions.validateBEPWithoutCommission(CoveredCallStepDefinitions.java:74)\r\n\tat java.base/jdk.internal.reflect.DirectMethodHandleAccessor.invoke(DirectMethodHandleAccessor.java:103)\r\n\tat java.base/java.lang.reflect.Method.invoke(Method.java:580)\r\n\tat io.cucumber.java.Invoker.doInvoke(Invoker.java:66)\r\n\tat io.cucumber.java.Invoker.invoke(Invoker.java:24)\r\n\tat io.cucumber.java.AbstractGlueDefinition.invokeMethod(AbstractGlueDefinition.java:47)\r\n\tat io.cucumber.java.JavaStepDefinition.execute(JavaStepDefinition.java:29)\r\n\tat io.cucumber.core.runner.CoreStepDefinition.execute(CoreStepDefinition.java:66)\r\n\tat io.cucumber.core.runner.PickleStepDefinitionMatch.runStep(PickleStepDefinitionMatch.java:63)\r\n\tat io.cucumber.core.runner.ExecutionMode$1.execute(ExecutionMode.java:10)\r\n\tat io.cucumber.core.runner.TestStep.executeStep(TestStep.java:84)\r\n\tat io.cucumber.core.runner.TestStep.run(TestStep.java:56)\r\n\tat io.cucumber.core.runner.PickleStepTestStep.run(PickleStepTestStep.java:51)\r\n\tat io.cucumber.core.runner.TestCase.run(TestCase.java:84)\r\n\tat io.cucumber.core.runner.Runner.runPickle(Runner.java:75)\r\n\tat io.cucumber.testng.TestNGCucumberRunner.lambda$runScenario$1(TestNGCucumberRunner.java:132)\r\n\tat io.cucumber.core.runtime.CucumberExecutionContext.lambda$runTestCase$5(CucumberExecutionContext.java:137)\r\n\tat io.cucumber.core.runtime.RethrowingThrowableCollector.executeAndThrow(RethrowingThrowableCollector.java:23)\r\n\tat io.cucumber.core.runtime.CucumberExecutionContext.runTestCase(CucumberExecutionContext.java:137)\r\n\tat io.cucumber.testng.TestNGCucumberRunner.runScenario(TestNGCucumberRunner.java:129)\r\n\tat io.cucumber.testng.AbstractTestNGCucumberTests.runScenario(AbstractTestNGCucumberTests.java:35)\r\n\tat java.base/jdk.internal.reflect.DirectMethodHandleAccessor.invoke(DirectMethodHandleAccessor.java:103)\r\n\tat java.base/java.lang.reflect.Method.invoke(Method.java:580)\r\n\tat org.testng.internal.invokers.MethodInvocationHelper.invokeMethod(MethodInvocationHelper.java:135)\r\n\tat org.testng.internal.invokers.TestInvoker.invokeMethod(TestInvoker.java:673)\r\n\tat org.testng.internal.invokers.TestInvoker.invokeTestMethod(TestInvoker.java:220)\r\n\tat org.testng.internal.invokers.MethodRunner.runInSequence(MethodRunner.java:50)\r\n\tat org.testng.internal.invokers.TestInvoker$MethodInvocationAgent.invoke(TestInvoker.java:945)\r\n\tat org.testng.internal.invokers.TestInvoker.invokeTestMethods(TestInvoker.java:193)\r\n\tat org.testng.internal.invokers.TestMethodWorker.invokeTestMethods(TestMethodWorker.java:146)\r\n\tat org.testng.internal.invokers.TestMethodWorker.run(TestMethodWorker.java:128)\r\n\tat java.base/java.util.ArrayList.forEach(ArrayList.java:1596)\r\n\tat org.testng.TestRunner.privateRun(TestRunner.java:808)\r\n\tat org.testng.TestRunner.run(TestRunner.java:603)\r\n\tat org.testng.SuiteRunner.runTest(SuiteRunner.java:429)\r\n\tat org.testng.SuiteRunner.runSequentially(SuiteRunner.java:423)\r\n\tat org.testng.SuiteRunner.privateRun(SuiteRunner.java:383)\r\n\tat org.testng.SuiteRunner.run(SuiteRunner.java:326)\r\n\tat org.testng.SuiteRunnerWorker.runSuite(SuiteRunnerWorker.java:52)\r\n\tat org.testng.SuiteRunnerWorker.run(SuiteRunnerWorker.java:95)\r\n\tat org.testng.TestNG.runSuitesSequentially(TestNG.java:1249)\r\n\tat org.testng.TestNG.runSuitesLocally(TestNG.java:1169)\r\n\tat org.testng.TestNG.runSuites(TestNG.java:1092)\r\n\tat org.testng.TestNG.run(TestNG.java:1060)\r\n\tat org.apache.maven.surefire.testng.TestNGExecutor.run(TestNGExecutor.java:151)\r\n\tat org.apache.maven.surefire.testng.TestNGDirectoryTestSuite.executeSingleClass(TestNGDirectoryTestSuite.java:111)\r\n\tat org.apache.maven.surefire.testng.TestNGDirectoryTestSuite.execute(TestNGDirectoryTestSuite.java:98)\r\n\tat org.apache.maven.surefire.testng.TestNGProvider.invoke(TestNGProvider.java:155)\r\n\tat org.apache.maven.surefire.booter.ForkedBooter.runSuitesInProcess(ForkedBooter.java:456)\r\n\tat org.apache.maven.surefire.booter.ForkedBooter.execute(ForkedBooter.java:169)\r\n\tat org.apache.maven.surefire.booter.ForkedBooter.run(ForkedBooter.java:595)\r\n\tat org.apache.maven.surefire.booter.ForkedBooter.main(ForkedBooter.java:581)\r\n"},"stage":"finished","steps":[{"name":"Validating BEP for symbol: کوثر, WithCommission: false","status":"failed","statusDetails":{"known":false,"muted":false,"flaky":false,"message":"❌ Symbol کوثر not found in API response. expected [true] but found [false]","trace":"java.lang.AssertionError: ❌ Symbol کوثر not found in API response. expected [true] but found [false]\r\n\tat org.testng.Assert.fail(Assert.java:110)\r\n\tat org.testng.Assert.failNotEquals(Assert.java:1413)\r\n\tat org.testng.Assert.assertTrue(Assert.java:56)\r\n\tat stepDefinitions.CoveredCallStepDefinitions.validateBEP(CoveredCallStepDefinitions.java:123)\r\n\tat stepDefinitions.CoveredCallStepDefinitions.validateBEPWithoutCommission(CoveredCallStepDefinitions.java:74)\r\n\tat java.base/jdk.internal.reflect.DirectMethodHandleAccessor.invoke(DirectMethodHandleAccessor.java:103)\r\n\tat java.base/java.lang.reflect.Method.invoke(Method.java:580)\r\n\tat io.cucumber.java.Invoker.doInvoke(Invoker.java:66)\r\n\tat io.cucumber.java.Invoker.invoke(Invoker.java:24)\r\n\tat io.cucumber.java.AbstractGlueDefinition.invokeMethod(AbstractGlueDefinition.java:47)\r\n\tat io.cucumber.java.JavaStepDefinition.execute(JavaStepDefinition.java:29)\r\n\tat io.cucumber.core.runner.CoreStepDefinition.execute(CoreStepDefinition.java:66)\r\n\tat io.cucumber.core.runner.PickleStepDefinitionMatch.runStep(PickleStepDefinitionMatch.java:63)\r\n\tat io.cucumber.core.runner.ExecutionMode$1.execute(ExecutionMode.java:10)\r\n\tat io.cucumber.core.runner.TestStep.executeStep(TestStep.java:84)\r\n\tat io.cucumber.core.runner.TestStep.run(TestStep.java:56)\r\n\tat io.cucumber.core.runner.PickleStepTestStep.run(PickleStepTestStep.java:51)\r\n\tat io.cucumber.core.runner.TestCase.run(TestCase.java:84)\r\n\tat io.cucumber.core.runner.Runner.runPickle(Runner.java:75)\r\n\tat io.cucumber.testng.TestNGCucumberRunner.lambda$runScenario$1(TestNGCucumberRunner.java:132)\r\n\tat io.cucumber.core.runtime.CucumberExecutionContext.lambda$runTestCase$5(CucumberExecutionContext.java:137)\r\n\tat io.cucumber.core.runtime.RethrowingThrowableCollector.executeAndThrow(RethrowingThrowableCollector.java:23)\r\n\tat io.cucumber.core.runtime.CucumberExecutionContext.runTestCase(CucumberExecutionContext.java:137)\r\n\tat io.cucumber.testng.TestNGCucumberRunner.runScenario(TestNGCucumberRunner.java:129)\r\n\tat io.cucumber.testng.AbstractTestNGCucumberTests.runScenario(AbstractTestNGCucumberTests.java:35)\r\n\tat java.base/jdk.internal.reflect.DirectMethodHandleAccessor.invoke(DirectMethodHandleAccessor.java:103)\r\n\tat java.base/java.lang.reflect.Method.invoke(Method.java:580)\r\n\tat org.testng.internal.invokers.MethodInvocationHelper.invokeMethod(MethodInvocationHelper.java:135)\r\n\tat org.testng.internal.invokers.TestInvoker.invokeMethod(TestInvoker.java:673)\r\n\tat org.testng.internal.invokers.TestInvoker.invokeTestMethod(TestInvoker.java:220)\r\n\tat org.testng.internal.invokers.MethodRunner.runInSequence(MethodRunner.java:50)\r\n\tat org.testng.internal.invokers.TestInvoker$MethodInvocationAgent.invoke(TestInvoker.java:945)\r\n\tat org.testng.internal.invokers.TestInvoker.invokeTestMethods(TestInvoker.java:193)\r\n\tat org.testng.internal.invokers.TestMethodWorker.invokeTestMethods(TestMethodWorker.java:146)\r\n\tat org.testng.internal.invokers.TestMethodWorker.run(TestMethodWorker.java:128)\r\n\tat java.base/java.util.ArrayList.forEach(ArrayList.java:1596)\r\n\tat org.testng.TestRunner.privateRun(TestRunner.java:808)\r\n\tat org.testng.TestRunner.run(TestRunner.java:603)\r\n\tat org.testng.SuiteRunner.runTest(SuiteRunner.java:429)\r\n\tat org.testng.SuiteRunner.runSequentially(SuiteRunner.java:423)\r\n\tat org.testng.SuiteRunner.privateRun(SuiteRunner.java:383)\r\n\tat org.testng.SuiteRunner.run(SuiteRunner.java:326)\r\n\tat org.testng.SuiteRunnerWorker.runSuite(SuiteRunnerWorker.java:52)\r\n\tat org.testng.SuiteRunnerWorker.run(SuiteRunnerWorker.java:95)\r\n\tat org.testng.TestNG.runSuitesSequentially(TestNG.java:1249)\r\n\tat org.testng.TestNG.runSuitesLocally(TestNG.java:1169)\r\n\tat org.testng.TestNG.runSuites(TestNG.java:1092)\r\n\tat org.testng.TestNG.run(TestNG.java:1060)\r\n\tat org.apache.maven.surefire.testng.TestNGExecutor.run(TestNGExecutor.java:151)\r\n\tat org.apache.maven.surefire.testng.TestNGDirectoryTestSuite.executeSingleClass(TestNGDirectoryTestSuite.java:111)\r\n\tat org.apache.maven.surefire.testng.TestNGDirectoryTestSuite.execute(TestNGDirectoryTestSuite.java:98)\r\n\tat org.apache.maven.surefire.testng.TestNGProvider.invoke(TestNGProvider.java:155)\r\n\tat org.apache.maven.surefire.booter.ForkedBooter.runSuitesInProcess(ForkedBooter.java:456)\r\n\tat org.apache.maven.surefire.booter.ForkedBooter.execute(ForkedBooter.java:169)\r\n\tat org.apache.maven.surefire.booter.ForkedBooter.run(ForkedBooter.java:595)\r\n\tat org.apache.maven.surefire.booter.ForkedBooter.main(ForkedBooter.java:581)\r\n"},"stage":"finished","steps":[{"name":"Extracted result list with size: 775","status":"passed","stage":"finished","steps":[],"attachments":[],"parameters":[],"start":1743963508063,"stop":1743963508063}],"attachments":[],"parameters":[{"name":"baseSymbol","value":"کوثر"},{"name":"withCommission","value":"false"}],"start":1743963507873,"stop":1743963508064}],"attachments":[],"parameters":[{"name":"baseSymbol","value":"کوثر"}],"start":1743963507873,"stop":1743963508064}],"attachments":[],"parameters":[],"start":1743963507873,"stop":1743963508064}],"attachments":[],"parameters":[{"name":"baseSymbol","value":"کوثر"}],"start":1743963507186,"stop":1743963508064}